# JRE version: Java(TM) SE Runtime Environment (24.0.1+9) (build 24.0.1+9-30)
# Java VM: Java HotSpot(TM) 64-Bit Server VM (24.0.1+9-30, mixed mode, sharing, tiered, compressed oops, compressed class ptrs, g1 gc, bsd-aarch64)
Heap:
 garbage-first heap   total reserved 4194304K, committed 264192K, used 102245K [0x0000000700000000, 0x0000000800000000)
  region size 2048K, 50 young (102400K), 2 survivors (4096K)
 Metaspace       used 8112K, committed 8384K, reserved 1114112K
  class space    used 672K, committed 768K, reserved 1048576K
GC Heap History (8 events):
Event: 58.700 GC heap before
{Heap before GC invocations=0 (full 0):
 garbage-first heap   total reserved 4194304K, committed 264192K, used 50272K [0x0000000700000000, 0x0000000800000000)
  region size 2048K, 24 young (49152K), 0 survivors (0K)
 Metaspace       used 8008K, committed 8256K, reserved 1114112K
  class space    used 662K, committed 768K, reserved 1048576K
}
Event: 58.710 GC heap after
{Heap after GC invocations=1 (full 0):
 garbage-first heap   total reserved 4194304K, committed 264192K, used 3936K [0x0000000700000000, 0x0000000800000000)
  region size 2048K, 2 young (4096K), 2 survivors (4096K)
 Metaspace       used 8008K, committed 8256K, reserved 1114112K
  class space    used 662K, committed 768K, reserved 1048576K
}
Event: 255.631 GC heap before
{Heap before GC invocations=1 (full 0):
 garbage-first heap   total reserved 4194304K, committed 264192K, used 120672K [0x0000000700000000, 0x0000000800000000)
  region size 2048K, 59 young (120832K), 2 survivors (4096K)
 Metaspace       used 8112K, committed 8384K, reserved 1114112K
  class space    used 672K, committed 768K, reserved 1048576K
}
Event: 255.638 GC heap after
{Heap after GC invocations=2 (full 0):
 garbage-first heap   total reserved 4194304K, committed 264192K, used 3863K [0x0000000700000000, 0x0000000800000000)
  region size 2048K, 2 young (4096K), 2 survivors (4096K)
 Metaspace       used 8112K, committed 8384K, reserved 1114112K
  class space    used 672K, committed 768K, reserved 1048576K
}
Event: 489.040 GC heap before
{Heap before GC invocations=2 (full 0):
 garbage-first heap   total reserved 4194304K, committed 264192K, used 136983K [0x0000000700000000, 0x0000000800000000)
  region size 2048K, 67 young (137216K), 2 survivors (4096K)
 Metaspace       used 8112K, committed 8384K, reserved 1114112K
  class space    used 672K, committed 768K, reserved 1048576K
}
Event: 489.047 GC heap after
{Heap after GC invocations=3 (full 0):
 garbage-first heap   total reserved 4194304K, committed 264192K, used 4115K [0x0000000700000000, 0x0000000800000000)
  region size 2048K, 2 young (4096K), 2 survivors (4096K)
 Metaspace       used 8112K, committed 8384K, reserved 1114112K
  class space    used 672K, committed 768K, reserved 1048576K
}
Event: 758.138 GC heap before
{Heap before GC invocations=3 (full 0):
 garbage-first heap   total reserved 4194304K, committed 264192K, used 153619K [0x0000000700000000, 0x0000000800000000)
  region size 2048K, 75 young (153600K), 2 survivors (4096K)
 Metaspace       used 8112K, committed 8384K, reserved 1114112K
  class space    used 672K, committed 768K, reserved 1048576K
}
Event: 758.145 GC heap after
{Heap after GC invocations=4 (full 0):
 garbage-first heap   total reserved 4194304K, committed 264192K, used 3941K [0x0000000700000000, 0x0000000800000000)
  region size 2048K, 2 young (4096K), 2 survivors (4096K)
 Metaspace       used 8112K, committed 8384K, reserved 1114112K
  class space    used 672K, committed 768K, reserved 1048576K
}

